/*C5*/SET SCHEMA PUBLIC
DISCONNECT
/*C6*/SET SCHEMA PUBLIC
DISCONNECT
/*C7*/SET SCHEMA PUBLIC
INSERT INTO PRODUTO VALUES(3,'Notebook','Notebook i5')
COMMIT
DISCONNECT
/*C8*/SET SCHEMA PUBLIC
DISCONNECT
/*C9*/SET SCHEMA PUBLIC
INSERT INTO PRODUTO VALUES(4,'Notebook','Notebook i3')
COMMIT
DISCONNECT
/*C10*/SET SCHEMA PUBLIC
DISCONNECT
/*C11*/SET SCHEMA PUBLIC
INSERT INTO PRODUTO VALUES(5,'Notebook','Notebook i7')
COMMIT
DISCONNECT
/*C12*/SET SCHEMA PUBLIC
INSERT INTO PRODUTO VALUES(6,'Notebook','Notebook Celeron')
COMMIT
DISCONNECT
/*C13*/SET SCHEMA PUBLIC
DISCONNECT
/*C14*/SET SCHEMA PUBLIC
DELETE FROM PRODUTO WHERE ID=4
COMMIT
DISCONNECT
/*C15*/SET SCHEMA PUBLIC
DISCONNECT
/*C16*/SET SCHEMA PUBLIC
DISCONNECT
/*C17*/SET SCHEMA PUBLIC
DELETE FROM PRODUTO WHERE ID=3
COMMIT
DISCONNECT
/*C18*/SET SCHEMA PUBLIC
DISCONNECT
